<?xml version="1.0" encoding="UTF-8"?>
<!-- Generated by org.testng.reporters.JUnitXMLReporter -->
<testsuite ignored="1" hostname="cakesan" failures="0" tests="13" name="Test" time="147.948" errors="0" timestamp="2024-04-30T14:44:07 IST">
  <testcase classname="testScripts.InvocationCount_ThreadPoolSize" name="addtocard" time="24.919"/>
  <testcase classname="testScripts.InvocationCount_ThreadPoolSize" name="login" time="15.069"/>
  <testcase classname="testScripts.InvocationCount_ThreadPoolSize" name="login" time="15.24"/>
  <testcase classname="testScripts.InvocationCount_ThreadPoolSize" name="register" time="54.752"/>
  <testcase classname="testScripts.InvocationCount_ThreadPoolSize" name="register" time="56.879"/>
  <testcase classname="testScripts.InvocationCount_ThreadPoolSize" name="register" time="57.574"/>
  <testcase classname="testScripts.InvocationCount_ThreadPoolSize" name="register" time="57.823"/>
  <testcase classname="testScripts.InvocationCount_ThreadPoolSize" name="register" time="58.02"/>
  <testcase classname="testScripts.BooksTest" name="books_001" time="20.02"/>
  <testcase classname="testScripts.ElectronicsTest" name="register" time="7.434"/>
  <testcase classname="testScripts.ElectronicsTest" name="login" time="5.803"/>
  <testcase classname="testScripts.ElectronicsTest" name="addtocard" time="8.048"/>
  <testcase classname="testScripts.ElectronicsTest" name="payment" time="7.906"/>
  <testcase classname="testScripts.InvocationCount_ThreadPoolSize" name="payment" time="0.0">
    <ignored/>
  </testcase> <!-- payment -->
</testsuite> <!-- Test -->
