<?xml version="1.0" encoding="UTF-8"?>
<!-- Generated by org.testng.reporters.JUnitXMLReporter -->
<testsuite ignored="0" hostname="cakesan" failures="0" tests="10" name="Default test" time="590.047" errors="0" timestamp="2024-04-30T20:19:14 IST">
  <testcase classname="ProjectMock1.TestRun" name="register" time="81.47"/>
  <testcase classname="ProjectMock1.TestRun" name="login" time="32.13"/>
  <testcase classname="ProjectMock1.TestRun" name="shoppingcart" time="39.231"/>
  <testcase classname="ProjectMock1.TestRun" name="wishlist" time="49.187"/>
  <testcase classname="ProjectMock1.TestRun" name="search" time="36.264"/>
  <testcase classname="ProjectMock1.TestRun" name="subscrib" time="44.251"/>
  <testcase classname="ProjectMock1.TestRun" name="radio" time="60.122"/>
  <testcase classname="ProjectMock1.TestRun" name="vote" time="99.291"/>
  <testcase classname="ProjectMock1.TestRun" name="view" time="116.8"/>
  <testcase classname="ProjectMock1.TestRun" name="tricentis" time="30.868"/>
</testsuite> <!-- Default test -->
