<?xml version="1.0" encoding="UTF-8"?>
<testng-results ignored="0" total="10" passed="10" failed="0" skipped="0">
  <reporter-output>
  </reporter-output>
  <suite started-at="2024-04-30T20:09:17 IST" name="Default suite" finished-at="2024-04-30T20:19:07 IST" duration-ms="590047">
    <groups>
    </groups>
    <test started-at="2024-04-30T20:09:17 IST" name="Default test" finished-at="2024-04-30T20:19:07 IST" duration-ms="590047">
      <class name="ProjectMock1.TestRun">
        <test-method signature="register()[pri:1, instance:ProjectMock1.TestRun@82de64a]" started-at="2024-04-30T20:09:18 IST" name="register" finished-at="2024-04-30T20:10:39 IST" duration-ms="81470" status="PASS">
          <reporter-output>
          </reporter-output>
        </test-method> <!-- register -->
        <test-method signature="login()[pri:2, instance:ProjectMock1.TestRun@82de64a]" started-at="2024-04-30T20:10:39 IST" name="login" finished-at="2024-04-30T20:11:11 IST" duration-ms="32130" status="PASS">
          <reporter-output>
          </reporter-output>
        </test-method> <!-- login -->
        <test-method signature="shoppingcart()[pri:3, instance:ProjectMock1.TestRun@82de64a]" started-at="2024-04-30T20:11:11 IST" name="shoppingcart" finished-at="2024-04-30T20:11:50 IST" duration-ms="39231" status="PASS">
          <reporter-output>
          </reporter-output>
        </test-method> <!-- shoppingcart -->
        <test-method signature="wishlist()[pri:4, instance:ProjectMock1.TestRun@82de64a]" started-at="2024-04-30T20:11:51 IST" name="wishlist" finished-at="2024-04-30T20:12:40 IST" duration-ms="49187" status="PASS">
          <reporter-output>
          </reporter-output>
        </test-method> <!-- wishlist -->
        <test-method signature="search()[pri:5, instance:ProjectMock1.TestRun@82de64a]" started-at="2024-04-30T20:12:40 IST" name="search" finished-at="2024-04-30T20:13:16 IST" duration-ms="36264" status="PASS">
          <reporter-output>
          </reporter-output>
        </test-method> <!-- search -->
        <test-method signature="subscrib()[pri:6, instance:ProjectMock1.TestRun@82de64a]" started-at="2024-04-30T20:13:16 IST" name="subscrib" finished-at="2024-04-30T20:14:00 IST" duration-ms="44251" status="PASS">
          <reporter-output>
          </reporter-output>
        </test-method> <!-- subscrib -->
        <test-method signature="radio()[pri:7, instance:ProjectMock1.TestRun@82de64a]" started-at="2024-04-30T20:14:00 IST" name="radio" finished-at="2024-04-30T20:15:00 IST" duration-ms="60122" status="PASS">
          <reporter-output>
          </reporter-output>
        </test-method> <!-- radio -->
        <test-method signature="vote()[pri:8, instance:ProjectMock1.TestRun@82de64a]" started-at="2024-04-30T20:15:00 IST" name="vote" finished-at="2024-04-30T20:16:40 IST" duration-ms="99291" status="PASS">
          <reporter-output>
          </reporter-output>
        </test-method> <!-- vote -->
        <test-method signature="view()[pri:9, instance:ProjectMock1.TestRun@82de64a]" started-at="2024-04-30T20:16:40 IST" name="view" finished-at="2024-04-30T20:18:37 IST" duration-ms="116800" status="PASS">
          <reporter-output>
          </reporter-output>
        </test-method> <!-- view -->
        <test-method signature="tricentis()[pri:10, instance:ProjectMock1.TestRun@82de64a]" started-at="2024-04-30T20:18:37 IST" name="tricentis" finished-at="2024-04-30T20:19:07 IST" duration-ms="30868" status="PASS">
          <reporter-output>
          </reporter-output>
        </test-method> <!-- tricentis -->
      </class> <!-- ProjectMock1.TestRun -->
    </test> <!-- Default test -->
  </suite> <!-- Default suite -->
</testng-results>
